Using pre-set license

 COMMAND LINE ARGUMENTS:
/Applications/Unity/Unity.app/Contents/MacOS/Unity
-adb2
-batchMode
-noUpm
-name
AssetImportWorker0
-projectPath
/Users/SOMESH/Documents/IGD-Assessment 3
-logFile
Logs/AssetImportWorker0.log
-srvPort
60434
Successfully changed project path to: /Users/SOMESH/Documents/IGD-Assessment 3
/Users/SOMESH/Documents/IGD-Assessment 3
Using Asset Import Pipeline V2.
Refreshing native plugins compatible for Editor in 43.89 ms, found 2 plugins.
Preloading 0 native plugins for Editor in 0.00 ms.
Initialize engine version: 2020.2.4f1 (becced5a802b)
[Subsystems] Discovering subsystems at path /Applications/Unity/Unity.app/Contents/Resources/UnitySubsystems
[Subsystems] Discovering subsystems at path /Users/SOMESH/Documents/IGD-Assessment 3/Assets
GfxDevice: creating device client; threaded=0
2021-09-26 01:57:47.500 Unity[51536:7259633] Color LCD preferred device: Intel(R) Iris(TM) Graphics 6100 (low power)
2021-09-26 01:57:47.500 Unity[51536:7259633] Metal devices available: 1
2021-09-26 01:57:47.501 Unity[51536:7259633] 0: Intel(R) Iris(TM) Graphics 6100 (low power)
2021-09-26 01:57:47.501 Unity[51536:7259633] Using device Intel(R) Iris(TM) Graphics 6100 (low power)
Initializing Metal device caps: Intel(R) Iris(TM) Graphics 6100
Initialize mono
Mono path[0] = '/Applications/Unity/Unity.app/Contents/Managed'
Mono path[1] = '/Applications/Unity/Unity.app/Contents/MonoBleedingEdge/lib/mono/unityjit'
Mono config path = '/Applications/Unity/Unity.app/Contents/MonoBleedingEdge/etc'
Using monoOptions --debugger-agent=transport=dt_socket,embedding=1,server=y,suspend=n,address=127.0.0.1:56536
Begin MonoManager ReloadAssembly
Registering precompiled unity dll's ...
Register platform support module: /Applications/Unity/Unity.app/Contents/PlaybackEngines/MacStandaloneSupport/UnityEditor.OSXStandalone.Extensions.dll
Registered in 0.002384 seconds.
Native extension for OSXStandalone target not found
Refreshing native plugins compatible for Editor in 39.82 ms, found 2 plugins.
Preloading 0 native plugins for Editor in 0.00 ms.
Invoked RoslynAnalysisRunner static constructor.
RoslynAnalysisRunner will not be running.
RoslynAnalysisRunner has terminated.
Mono: successfully reloaded assembly
- Completed reload, in  2.186 seconds
Platform modules already initialized, skipping
Registering precompiled user dll's ...
Registered in 0.001268 seconds.
Begin MonoManager ReloadAssembly
Native extension for OSXStandalone target not found
Refreshing native plugins compatible for Editor in 40.61 ms, found 2 plugins.
Preloading 0 native plugins for Editor in 0.00 ms.
Invoked RoslynAnalysisRunner static constructor.
RoslynAnalysisRunner will not be running.
RoslynAnalysisRunner has terminated.
Mono: successfully reloaded assembly
- Completed reload, in  1.330 seconds
Platform modules already initialized, skipping
========================================================================
Worker process is ready to serve import requests
Launching external process: /Applications/Unity/Unity.app/Contents/Tools/UnityShaderCompiler
Launched and connected shader compiler UnityShaderCompiler after 0.02 seconds
Refreshing native plugins compatible for Editor in 0.37 ms, found 2 plugins.
Preloading 0 native plugins for Editor in 0.00 ms.
Unloading 1797 Unused Serialized files (Serialized files now loaded: 0)
System memory in use before: 142.1 MB.
System memory in use after: 142.1 MB.

Unloading 24 unused Assets to reduce memory usage. Loaded Objects now: 2238.
Total: 3.395278 ms (FindLiveObjects: 0.478664 ms CreateObjectMapping: 0.247341 ms MarkObjects: 2.516926 ms  DeleteObjects: 0.150641 ms)

========================================================================
Received Import Request.
  path: Assets/Scenes
  artifactKey: Guid(f88c9b5750213405ba610968ff5ed14b) Importer(815301076,1909f56bfc062723c751e8b465ee728b)
Start importing Assets/Scenes using Guid(f88c9b5750213405ba610968ff5ed14b) Importer(815301076,1909f56bfc062723c751e8b465ee728b)  -> (artifact id: '2a5ba9c16b709264ed9b0e117b155a79') in 0.007821 seconds
  Import took 0.013352 seconds .

========================================================================
Received Import Request.
  Time since last request: 0.969068 seconds.
  path: Assets/Scenes/SampleScene.unity
  artifactKey: Guid(2cda990e2423bbf4892e6590ba056729) Importer(815301076,1909f56bfc062723c751e8b465ee728b)
Start importing Assets/Scenes/SampleScene.unity using Guid(2cda990e2423bbf4892e6590ba056729) Importer(815301076,1909f56bfc062723c751e8b465ee728b)  -> (artifact id: '709747ac962673ab5b16e669a9755bb9') in 0.021458 seconds
  Import took 0.028146 seconds .

========================================================================
Received Import Request.
  Time since last request: 62.622250 seconds.
  path: Assets/Audio
  artifactKey: Guid(3f05dc4703b22424f92750233a8ee0fa) Importer(815301076,1909f56bfc062723c751e8b465ee728b)
Start importing Assets/Audio using Guid(3f05dc4703b22424f92750233a8ee0fa) Importer(815301076,1909f56bfc062723c751e8b465ee728b)  -> (artifact id: '42a1abde031302be61db81bd07a15274') in 0.002814 seconds
  Import took 0.012042 seconds .

========================================================================
Received Import Request.
  Time since last request: 1921.194949 seconds.
  path: Assets/Audio/bensound-instinct.mp3
  artifactKey: Guid(c70d60338fcba494691b7bd59a3b021b) Importer(815301076,1909f56bfc062723c751e8b465ee728b)
Start importing Assets/Audio/bensound-instinct.mp3 using Guid(c70d60338fcba494691b7bd59a3b021b) Importer(815301076,1909f56bfc062723c751e8b465ee728b)  -> (artifact id: '4be1b26571f8cbfee8cac9c05957e2cc') in 2.258750 seconds
  Import took 2.290272 seconds .

========================================================================
Received Import Request.
  Time since last request: 48.782297 seconds.
  path: Assets/Audio/Bac.mp3
  artifactKey: Guid(c70d60338fcba494691b7bd59a3b021b) Importer(815301076,1909f56bfc062723c751e8b465ee728b)
Start importing Assets/Audio/Bac.mp3 using Guid(c70d60338fcba494691b7bd59a3b021b) Importer(815301076,1909f56bfc062723c751e8b465ee728b)  -> (artifact id: '2c32075687514af4604266116d3e1ff5') in 0.011792 seconds
  Import took 0.019521 seconds .

========================================================================
Received Import Request.
  Time since last request: 11.454814 seconds.
  path: Assets/Audio/Game Intro.mp3
  artifactKey: Guid(c70d60338fcba494691b7bd59a3b021b) Importer(815301076,1909f56bfc062723c751e8b465ee728b)
Start importing Assets/Audio/Game Intro.mp3 using Guid(c70d60338fcba494691b7bd59a3b021b) Importer(815301076,1909f56bfc062723c751e8b465ee728b)  -> (artifact id: '96b8160f34402ea689fd96ae40305a99') in 0.015099 seconds
  Import took 0.019615 seconds .

========================================================================
Received Import Request.
  Time since last request: 515.470076 seconds.
  path: Assets/Audio/mixkit-explainer-video-game-alert-sweep-236.wav
  artifactKey: Guid(4a65561d5fb6f43c9b6a61597d6fec1d) Importer(815301076,1909f56bfc062723c751e8b465ee728b)
Start importing Assets/Audio/mixkit-explainer-video-game-alert-sweep-236.wav using Guid(4a65561d5fb6f43c9b6a61597d6fec1d) Importer(815301076,1909f56bfc062723c751e8b465ee728b)  -> (artifact id: 'f806c063181b138ff9e2e4967969a55f') in 1.403686 seconds
  Import took 1.411153 seconds .

========================================================================
Received Import Request.
  Time since last request: 24.903277 seconds.
  path: Assets/Audio/Ghost-normal.wav
  artifactKey: Guid(4a65561d5fb6f43c9b6a61597d6fec1d) Importer(815301076,1909f56bfc062723c751e8b465ee728b)
Start importing Assets/Audio/Ghost-normal.wav using Guid(4a65561d5fb6f43c9b6a61597d6fec1d) Importer(815301076,1909f56bfc062723c751e8b465ee728b)  -> (artifact id: '48e69bacdd5931e4a09292057e4d64e3') in 0.017894 seconds
  Import took 0.039361 seconds .

========================================================================
Received Import Request.
  Time since last request: 250.328212 seconds.
  path: Assets/Audio/mixkit-video-game-bomb-alert-2803.wav
  artifactKey: Guid(3a40d687a6e014baba42647ba57165da) Importer(815301076,1909f56bfc062723c751e8b465ee728b)
Start importing Assets/Audio/mixkit-video-game-bomb-alert-2803.wav using Guid(3a40d687a6e014baba42647ba57165da) Importer(815301076,1909f56bfc062723c751e8b465ee728b)  -> (artifact id: 'bab1cf1cb377887b182304687db8c3e9') in 0.023831 seconds
  Import took 0.038551 seconds .

========================================================================
Received Import Request.
  Time since last request: 19.514061 seconds.
  path: Assets/Audio/Ghost-scared.wav
  artifactKey: Guid(3a40d687a6e014baba42647ba57165da) Importer(815301076,1909f56bfc062723c751e8b465ee728b)
Start importing Assets/Audio/Ghost-scared.wav using Guid(3a40d687a6e014baba42647ba57165da) Importer(815301076,1909f56bfc062723c751e8b465ee728b)  -> (artifact id: '096ce948298fea6538f55a72a65bc7e2') in 0.012465 seconds
  Import took 0.021210 seconds .

========================================================================
Received Import Request.
  Time since last request: 6449.952800 seconds.
  path: Assets/Audio/mixkit-player-jumping-in-a-video-game-2043.wav
  artifactKey: Guid(63cce961bc2dd480f9adb588f46d6416) Importer(815301076,1909f56bfc062723c751e8b465ee728b)
Start importing Assets/Audio/mixkit-player-jumping-in-a-video-game-2043.wav using Guid(63cce961bc2dd480f9adb588f46d6416) Importer(815301076,1909f56bfc062723c751e8b465ee728b)  -> (artifact id: '6de04d48f8e9c1cbc85365995dc97ee7') in 0.078705 seconds
  Import took 0.111181 seconds .

========================================================================
Received Import Request.
  Time since last request: 49.793892 seconds.
  path: Assets/Audio/Pellet eaten.wav
  artifactKey: Guid(63cce961bc2dd480f9adb588f46d6416) Importer(815301076,1909f56bfc062723c751e8b465ee728b)
Start importing Assets/Audio/Pellet eaten.wav using Guid(63cce961bc2dd480f9adb588f46d6416) Importer(815301076,1909f56bfc062723c751e8b465ee728b)  -> (artifact id: '33e5a919a1e4953e7eb131bacbc88d8d') in 0.016958 seconds
  Import took 0.020285 seconds .

========================================================================
Received Import Request.
  Time since last request: 76.921979 seconds.
  path: Assets/Audio/mixkit-player-losing-or-failing-2042.wav
  artifactKey: Guid(cefd14063e74f4473a659e5fcbbbaa69) Importer(815301076,1909f56bfc062723c751e8b465ee728b)
Start importing Assets/Audio/mixkit-player-losing-or-failing-2042.wav using Guid(cefd14063e74f4473a659e5fcbbbaa69) Importer(815301076,1909f56bfc062723c751e8b465ee728b)  -> (artifact id: '97ce3efb314f247de8399e90a0746c9f') in 0.018329 seconds
  Import took 0.037080 seconds .

========================================================================
Received Import Request.
  Time since last request: 15.222370 seconds.
  path: Assets/Audio/Pa.wav
  artifactKey: Guid(cefd14063e74f4473a659e5fcbbbaa69) Importer(815301076,1909f56bfc062723c751e8b465ee728b)
Start importing Assets/Audio/Pa.wav using Guid(cefd14063e74f4473a659e5fcbbbaa69) Importer(815301076,1909f56bfc062723c751e8b465ee728b)  -> (artifact id: 'ba7b290f9428f4df1c31456b15023420') in 0.020102 seconds
  Import took 0.032179 seconds .

========================================================================
Received Import Request.
  Time since last request: 11.765250 seconds.
  path: Assets/Audio/Pacman death.wav
  artifactKey: Guid(cefd14063e74f4473a659e5fcbbbaa69) Importer(815301076,1909f56bfc062723c751e8b465ee728b)
Start importing Assets/Audio/Pacman death.wav using Guid(cefd14063e74f4473a659e5fcbbbaa69) Importer(815301076,1909f56bfc062723c751e8b465ee728b)  -> (artifact id: 'a2f83fb2b9d9fd59f778b09390fed01f') in 0.019433 seconds
  Import took 0.023563 seconds .

========================================================================
Received Import Request.
  Time since last request: 4914.350590 seconds.
  path: Assets/Sprites
  artifactKey: Guid(52590ffa098ee4d0cbea5ce4dfd038b0) Importer(815301076,1909f56bfc062723c751e8b465ee728b)
Start importing Assets/Sprites using Guid(52590ffa098ee4d0cbea5ce4dfd038b0) Importer(815301076,1909f56bfc062723c751e8b465ee728b)  -> (artifact id: '134434c9cddac4b21086662fcba7e720') in 0.006380 seconds
  Import took 0.060804 seconds .

========================================================================
Received Import Request.
  Time since last request: 10.720894 seconds.
  path: Assets/Sprites/New Piskel.png
  artifactKey: Guid(c821f8369a0e3483db4360b7604f2238) Importer(815301076,1909f56bfc062723c751e8b465ee728b)
Start importing Assets/Sprites/New Piskel.png using Guid(c821f8369a0e3483db4360b7604f2238) Importer(815301076,1909f56bfc062723c751e8b465ee728b)  -> (artifact id: '186a664080fca023f72fc3ed765b4129') in 1.484594 seconds
  Import took 1.492300 seconds .

========================================================================
Received Import Request.
  Time since last request: 7489.620381 seconds.
  path: Assets/A3Scene.unity
  artifactKey: Guid(14ef082cf8a8544da998f474851eed6a) Importer(815301076,1909f56bfc062723c751e8b465ee728b)
Start importing Assets/A3Scene.unity using Guid(14ef082cf8a8544da998f474851eed6a) Importer(815301076,1909f56bfc062723c751e8b465ee728b)  -> (artifact id: '0dffa62d99449cdaf00682d2dc01ae22') in 0.014292 seconds
  Import took 0.059769 seconds .

